Determining if files libintl.h exist failed with the following output:
Change Dir: /Users/admin/Desktop/pinyin/sunpinyin-master-1/cmakebuild/CMakeFiles/CMakeTmp

Run Build Command:"/usr/bin/make" "cmTryCompileExec3351936962/fast"
/Applications/Xcode.app/Contents/Developer/usr/bin/make -f CMakeFiles/cmTryCompileExec3351936962.dir/build.make CMakeFiles/cmTryCompileExec3351936962.dir/build
/usr/local/bin/cmake -E cmake_progress_report /Users/admin/Desktop/pinyin/sunpinyin-master-1/cmakebuild/CMakeFiles/CMakeTmp/CMakeFiles 1
Building C object CMakeFiles/cmTryCompileExec3351936962.dir/CheckIncludeFiles.c.o
/usr/bin/cc   -arch x86_64 -arch i386 -isysroot /Applications/Xcode.app/Contents/Developer/Platforms/MacOSX.platform/Developer/SDKs/MacOSX10.9.sdk   -o CMakeFiles/cmTryCompileExec3351936962.dir/CheckIncludeFiles.c.o   -c /Users/admin/Desktop/pinyin/sunpinyin-master-1/cmakebuild/CMakeFiles/CMakeTmp/CheckIncludeFiles.c
/Users/admin/Desktop/pinyin/sunpinyin-master-1/cmakebuild/CMakeFiles/CMakeTmp/CheckIncludeFiles.c:2:10: fatal error: 'libintl.h' file not found
#include <libintl.h>
         ^
1 error generated.
make[1]: *** [CMakeFiles/cmTryCompileExec3351936962.dir/CheckIncludeFiles.c.o] Error 1
make: *** [cmTryCompileExec3351936962/fast] Error 2

Source:
/* */
#include <libintl.h>


int main(){return 0;}

Determining if files limit.h exist failed with the following output:
Change Dir: /Users/admin/Desktop/pinyin/sunpinyin-master-1/cmakebuild/CMakeFiles/CMakeTmp

Run Build Command:"/usr/bin/make" "cmTryCompileExec215031070/fast"
/Applications/Xcode.app/Contents/Developer/usr/bin/make -f CMakeFiles/cmTryCompileExec215031070.dir/build.make CMakeFiles/cmTryCompileExec215031070.dir/build
/usr/local/bin/cmake -E cmake_progress_report /Users/admin/Desktop/pinyin/sunpinyin-master-1/cmakebuild/CMakeFiles/CMakeTmp/CMakeFiles 1
Building C object CMakeFiles/cmTryCompileExec215031070.dir/CheckIncludeFiles.c.o
/usr/bin/cc   -arch x86_64 -arch i386 -isysroot /Applications/Xcode.app/Contents/Developer/Platforms/MacOSX.platform/Developer/SDKs/MacOSX10.9.sdk   -o CMakeFiles/cmTryCompileExec215031070.dir/CheckIncludeFiles.c.o   -c /Users/admin/Desktop/pinyin/sunpinyin-master-1/cmakebuild/CMakeFiles/CMakeTmp/CheckIncludeFiles.c
/Users/admin/Desktop/pinyin/sunpinyin-master-1/cmakebuild/CMakeFiles/CMakeTmp/CheckIncludeFiles.c:2:10: fatal error: 'limit.h' file not found
#include <limit.h>
         ^
1 error generated.
make[1]: *** [CMakeFiles/cmTryCompileExec215031070.dir/CheckIncludeFiles.c.o] Error 1
make: *** [cmTryCompileExec215031070/fast] Error 2

Source:
/* */
#include <limit.h>


int main(){return 0;}

Determining if the function gettext exists failed with the following output:
Change Dir: /Users/admin/Desktop/pinyin/sunpinyin-master-1/cmakebuild/CMakeFiles/CMakeTmp

Run Build Command:"/usr/bin/make" "cmTryCompileExec1871958384/fast"
/Applications/Xcode.app/Contents/Developer/usr/bin/make -f CMakeFiles/cmTryCompileExec1871958384.dir/build.make CMakeFiles/cmTryCompileExec1871958384.dir/build
/usr/local/bin/cmake -E cmake_progress_report /Users/admin/Desktop/pinyin/sunpinyin-master-1/cmakebuild/CMakeFiles/CMakeTmp/CMakeFiles 1
Building C object CMakeFiles/cmTryCompileExec1871958384.dir/CheckFunctionExists.c.o
/usr/bin/cc   -DCHECK_FUNCTION_EXISTS=gettext -arch x86_64 -arch i386 -isysroot /Applications/Xcode.app/Contents/Developer/Platforms/MacOSX.platform/Developer/SDKs/MacOSX10.9.sdk   -o CMakeFiles/cmTryCompileExec1871958384.dir/CheckFunctionExists.c.o   -c /usr/local/share/cmake-3.0/Modules/CheckFunctionExists.c
Linking C executable cmTryCompileExec1871958384
/usr/local/bin/cmake -E cmake_link_script CMakeFiles/cmTryCompileExec1871958384.dir/link.txt --verbose=1
/usr/bin/cc   -DCHECK_FUNCTION_EXISTS=gettext -arch x86_64 -arch i386 -isysroot /Applications/Xcode.app/Contents/Developer/Platforms/MacOSX.platform/Developer/SDKs/MacOSX10.9.sdk -Wl,-search_paths_first -Wl,-headerpad_max_install_names   CMakeFiles/cmTryCompileExec1871958384.dir/CheckFunctionExists.c.o  -o cmTryCompileExec1871958384  
Undefined symbols for architecture x86_64:
  "_gettext", referenced from:
      _main in CheckFunctionExists.c.o
ld: symbol(s) not found for architecture x86_64
clang: error: linker command failed with exit code 1 (use -v to see invocation)
make[1]: *** [cmTryCompileExec1871958384] Error 1
make: *** [cmTryCompileExec1871958384/fast] Error 2


Determining if the function get_opt exists failed with the following output:
Change Dir: /Users/admin/Desktop/pinyin/sunpinyin-master-1/cmakebuild/CMakeFiles/CMakeTmp

Run Build Command:"/usr/bin/make" "cmTryCompileExec3587241861/fast"
/Applications/Xcode.app/Contents/Developer/usr/bin/make -f CMakeFiles/cmTryCompileExec3587241861.dir/build.make CMakeFiles/cmTryCompileExec3587241861.dir/build
/usr/local/bin/cmake -E cmake_progress_report /Users/admin/Desktop/pinyin/sunpinyin-master-1/cmakebuild/CMakeFiles/CMakeTmp/CMakeFiles 1
Building C object CMakeFiles/cmTryCompileExec3587241861.dir/CheckFunctionExists.c.o
/usr/bin/cc   -DCHECK_FUNCTION_EXISTS=get_opt -arch x86_64 -arch i386 -isysroot /Applications/Xcode.app/Contents/Developer/Platforms/MacOSX.platform/Developer/SDKs/MacOSX10.9.sdk   -o CMakeFiles/cmTryCompileExec3587241861.dir/CheckFunctionExists.c.o   -c /usr/local/share/cmake-3.0/Modules/CheckFunctionExists.c
Linking C executable cmTryCompileExec3587241861
/usr/local/bin/cmake -E cmake_link_script CMakeFiles/cmTryCompileExec3587241861.dir/link.txt --verbose=1
/usr/bin/cc   -DCHECK_FUNCTION_EXISTS=get_opt -arch x86_64 -arch i386 -isysroot /Applications/Xcode.app/Contents/Developer/Platforms/MacOSX.platform/Developer/SDKs/MacOSX10.9.sdk -Wl,-search_paths_first -Wl,-headerpad_max_install_names   CMakeFiles/cmTryCompileExec3587241861.dir/CheckFunctionExists.c.o  -o cmTryCompileExec3587241861  
Undefined symbols for architecture x86_64:
  "_get_opt", referenced from:
      _main in CheckFunctionExists.c.o
ld: symbol(s) not found for architecture x86_64
clang: error: linker command failed with exit code 1 (use -v to see invocation)
make[1]: *** [cmTryCompileExec3587241861] Error 1
make: *** [cmTryCompileExec3587241861/fast] Error 2


